<?xml version="1.0" encoding="UTF-8"?>
<testsuite name="CellTest" tests="5" skipped="0" failures="0" errors="0" timestamp="2021-06-11T08:56:46" hostname="DESKTOP-VKM3MS6" time="0.004">
  <properties/>
  <testcase name="reduceCellTicks()" classname="CellTest" time="0.001"/>
  <testcase name="testToString()" classname="CellTest" time="0.0"/>
  <testcase name="eventCountdownDone()" classname="CellTest" time="0.0"/>
  <testcase name="testGetterSetterTicksTillEvent()" classname="CellTest" time="0.001"/>
  <testcase name="testGetterSetterStatus()" classname="CellTest" time="0.001"/>
  <system-out><![CDATA[]]></system-out>
  <system-err><![CDATA[]]></system-err>
</testsuite>
