<?xml version="1.0" encoding="UTF-8"?>
<testsuite name="EngineTest" tests="15" skipped="0" failures="0" errors="0" timestamp="2021-05-22T18:14:18" hostname="DESKTOP-VKM3MS6" time="0.017">
  <properties/>
  <testcase name="getMaskModifier()" classname="EngineTest" time="0.001"/>
  <testcase name="infect()" classname="EngineTest" time="0.001"/>
  <testcase name="killCell()" classname="EngineTest" time="0.001"/>
  <testcase name="setMaskModifier()" classname="EngineTest" time="0.001"/>
  <testcase name="reset()" classname="EngineTest" time="0.0"/>
  <testcase name="getProbaOfDeath()" classname="EngineTest" time="0.0"/>
  <testcase name="setProbaOfInfection()" classname="EngineTest" time="0.0"/>
  <testcase name="giveImmunity()" classname="EngineTest" time="0.001"/>
  <testcase name="giveMask()" classname="EngineTest" time="0.002"/>
  <testcase name="setProbaOfDeath()" classname="EngineTest" time="0.001"/>
  <testcase name="setDelay()" classname="EngineTest" time="0.001"/>
  <testcase name="updateSimulation()" classname="EngineTest" time="0.0"/>
  <testcase name="getBoard()" classname="EngineTest" time="0.0"/>
  <testcase name="getDelay()" classname="EngineTest" time="0.001"/>
  <testcase name="getProbaOfInfection()" classname="EngineTest" time="0.001"/>
  <system-out><![CDATA[]]></system-out>
  <system-err><![CDATA[]]></system-err>
</testsuite>
