<?xml version="1.0" encoding="UTF-8"?>
<testsuite name="EngineTest" tests="21" skipped="0" failures="0" errors="0" timestamp="2021-06-14T11:49:57" hostname="DESKTOP-VKM3MS6" time="0.566">
  <properties/>
  <testcase name="TestGetBoard()" classname="EngineTest" time="0.005"/>
  <testcase name="testInfectCell()" classname="EngineTest" time="0.004"/>
  <testcase name="testReset()" classname="EngineTest" time="0.003"/>
  <testcase name="testImmunizeCell()" classname="EngineTest" time="0.001"/>
  <testcase name="testSetControl()" classname="EngineTest" time="0.012"/>
  <testcase name="testToString()" classname="EngineTest" time="0.001"/>
  <testcase name="countKills()" classname="EngineTest" time="0.002"/>
  <testcase name="countInfected()" classname="EngineTest" time="0.001"/>
  <testcase name="testPostinfected1()" classname="EngineTest" time="0.008"/>
  <testcase name="testPostinfected2()" classname="EngineTest" time="0.001"/>
  <testcase name="testKillCell()" classname="EngineTest" time="0.002"/>
  <testcase name="testControl()" classname="EngineTest" time="0.0"/>
  <testcase name="testPostImmune()" classname="EngineTest" time="0.004"/>
  <testcase name="testInfections1()" classname="EngineTest" time="0.001"/>
  <testcase name="testInfections2()" classname="EngineTest" time="0.0"/>
  <testcase name="testMaskCell()" classname="EngineTest" time="0.002"/>
  <testcase name="testDelay1()" classname="EngineTest" time="0.001"/>
  <testcase name="testDelay2()" classname="EngineTest" time="0.503"/>
  <testcase name="testTEgeNeighbors()" classname="EngineTest" time="0.001"/>
  <testcase name="testMaskmodifier1()" classname="EngineTest" time="0.001"/>
  <testcase name="testMaskmodifier2()" classname="EngineTest" time="0.001"/>
  <system-out><![CDATA[]]></system-out>
  <system-err><![CDATA[]]></system-err>
</testsuite>
